<?xml version="1.0" encoding="UTF-8"?>
<!-- Generated by org.testng.reporters.JUnitXMLReporter -->
<testsuite ignored="35" hostname="SSSLT24" failures="0" tests="1" name="Default test(failed)(failed)" time="40.168" errors="0" timestamp="2023-03-28T19:54:32 IST">
  <testcase classname="org.test.InstallerSetup" name="TC34" time="31.147"/>
  <testcase classname="org.test.InstallerSetup" name="TC10" time="0.0">
    <ignored/>
  </testcase> <!-- TC10 -->
  <testcase classname="org.test.InstallerSetup" name="TC32" time="0.0">
    <ignored/>
  </testcase> <!-- TC32 -->
  <testcase classname="org.test.InstallerSetup" name="TC31" time="0.0">
    <ignored/>
  </testcase> <!-- TC31 -->
  <testcase classname="org.test.InstallerSetup" name="TC30" time="0.0">
    <ignored/>
  </testcase> <!-- TC30 -->
  <testcase classname="org.test.InstallerSetup" name="TC19" time="0.0">
    <ignored/>
  </testcase> <!-- TC19 -->
  <testcase classname="org.test.InstallerSetup" name="TC11" time="0.0">
    <ignored/>
  </testcase> <!-- TC11 -->
  <testcase classname="org.test.InstallerSetup" name="TC33" time="0.0">
    <ignored/>
  </testcase> <!-- TC33 -->
  <testcase classname="org.test.InstallerSetup" name="TC18" time="0.0">
    <ignored/>
  </testcase> <!-- TC18 -->
  <testcase classname="org.test.InstallerSetup" name="TC17" time="0.0">
    <ignored/>
  </testcase> <!-- TC17 -->
  <testcase classname="org.test.InstallerSetup" name="TC16" time="0.0">
    <ignored/>
  </testcase> <!-- TC16 -->
  <testcase classname="org.test.InstallerSetup" name="TC15" time="0.0">
    <ignored/>
  </testcase> <!-- TC15 -->
  <testcase classname="org.test.InstallerSetup" name="TC14" time="0.0">
    <ignored/>
  </testcase> <!-- TC14 -->
  <testcase classname="org.test.InstallerSetup" name="TC36" time="0.0">
    <ignored/>
  </testcase> <!-- TC36 -->
  <testcase classname="org.test.InstallerSetup" name="TC13" time="0.0">
    <ignored/>
  </testcase> <!-- TC13 -->
  <testcase classname="org.test.InstallerSetup" name="TC35" time="0.0">
    <ignored/>
  </testcase> <!-- TC35 -->
  <testcase classname="org.test.InstallerSetup" name="TC12" time="0.0">
    <ignored/>
  </testcase> <!-- TC12 -->
  <testcase classname="org.test.InstallerSetup" name="TC21" time="0.0">
    <ignored/>
  </testcase> <!-- TC21 -->
  <testcase classname="org.test.InstallerSetup" name="TC20" time="0.0">
    <ignored/>
  </testcase> <!-- TC20 -->
  <testcase classname="org.test.InstallerSetup" name="TC08" time="0.0">
    <ignored/>
  </testcase> <!-- TC08 -->
  <testcase classname="org.test.InstallerSetup" name="TC22" time="0.0">
    <ignored/>
  </testcase> <!-- TC22 -->
  <testcase classname="org.test.InstallerSetup" name="TC09" time="0.0">
    <ignored/>
  </testcase> <!-- TC09 -->
  <testcase classname="org.test.InstallerSetup" name="TC07" time="0.0">
    <ignored/>
  </testcase> <!-- TC07 -->
  <testcase classname="org.test.InstallerSetup" name="TC29" time="0.0">
    <ignored/>
  </testcase> <!-- TC29 -->
  <testcase classname="org.test.InstallerSetup" name="TC06" time="0.0">
    <ignored/>
  </testcase> <!-- TC06 -->
  <testcase classname="org.test.InstallerSetup" name="TC28" time="0.0">
    <ignored/>
  </testcase> <!-- TC28 -->
  <testcase classname="org.test.InstallerSetup" name="TC05" time="0.0">
    <ignored/>
  </testcase> <!-- TC05 -->
  <testcase classname="org.test.InstallerSetup" name="TC27" time="0.0">
    <ignored/>
  </testcase> <!-- TC27 -->
  <testcase classname="org.test.InstallerSetup" name="TC04" time="0.0">
    <ignored/>
  </testcase> <!-- TC04 -->
  <testcase classname="org.test.InstallerSetup" name="TC26" time="0.0">
    <ignored/>
  </testcase> <!-- TC26 -->
  <testcase classname="org.test.InstallerSetup" name="TC03" time="0.0">
    <ignored/>
  </testcase> <!-- TC03 -->
  <testcase classname="org.test.InstallerSetup" name="TC25" time="0.0">
    <ignored/>
  </testcase> <!-- TC25 -->
  <testcase classname="org.test.InstallerSetup" name="TC02" time="0.0">
    <ignored/>
  </testcase> <!-- TC02 -->
  <testcase classname="org.test.InstallerSetup" name="TC24" time="0.0">
    <ignored/>
  </testcase> <!-- TC24 -->
  <testcase classname="org.test.InstallerSetup" name="TC01" time="0.0">
    <ignored/>
  </testcase> <!-- TC01 -->
  <testcase classname="org.test.InstallerSetup" name="TC23" time="0.0">
    <ignored/>
  </testcase> <!-- TC23 -->
</testsuite> <!-- Default test(failed)(failed) -->
